2023-05-10 10:37:42,983 [Worker-4: Loading available Gradle versions] INFO  o.e.b.c.i.u.g.PublishedGradleVersions - Gradle version information cache is up-to-date. Trying to read.
2023-05-10 10:38:12,841 [Worker-4: Importing Maven projects] INFO  o.e.m.c.i.l.LifecycleMappingFactory - Using org.eclipse.m2e.jdt.JarLifecycleMapping lifecycle mapping for MavenProject: com.microservices:rate-review:0.0.1-SNAPSHOT @ D:\tools\wp\mcs\microsoft-BE\rate-review\pom.xml.
2023-05-10 10:38:19,196 [Worker-4: Importing Maven projects] INFO  o.e.m.j.i.AbstractJavaProjectConfigurator - Adding source folder /rate-review/src/main/java
2023-05-10 10:38:19,197 [Worker-4: Importing Maven projects] INFO  o.e.m.j.i.AbstractJavaProjectConfigurator - Adding resource folder /rate-review/src/main/resources
2023-05-10 10:38:19,199 [Worker-4: Importing Maven projects] INFO  o.e.m.j.i.AbstractJavaProjectConfigurator - Adding resource folder /rate-review/src/main/resources
2023-05-10 10:38:19,201 [Worker-4: Importing Maven projects] INFO  o.e.m.j.i.AbstractJavaProjectConfigurator - Adding source folder /rate-review/src/test/java
2023-05-10 10:38:19,861 [Worker-4: Importing Maven projects] INFO  o.e.m.c.i.p.ProjectConfigurationManager - Imported and configured 1 project(s) in 12 sec
2023-05-10 10:38:42,375 [main] INFO  o.e.m2e.actions.ExecutePomAction - Creating new launch configuration
2023-05-10 10:38:45,662 [Worker-4: Launching rate-review] INFO  o.eclipse.m2e.core.internal.Bundles - getClasspathEntries(Bundle=org.eclipse.m2e.maven.runtime_3.8.604.20221130-2149 [345])
2023-05-10 10:38:45,674 [Worker-4: Launching rate-review] INFO  o.eclipse.m2e.core.internal.Bundles - 	Entry: D:\tools\sts-4.17.2.RELEASE\plugins\org.eclipse.m2e.maven.runtime_3.8.604.20221130-2149
2023-05-10 10:38:45,674 [Worker-4: Launching rate-review] INFO  o.eclipse.m2e.core.internal.Bundles - 	Entry: D:\tools\sts-4.17.2.RELEASE\plugins\org.eclipse.m2e.maven.runtime_3.8.604.20221130-2149\jars\aether-connector-okhttp-0.17.8.jar
2023-05-10 10:38:45,674 [Worker-4: Launching rate-review] INFO  o.eclipse.m2e.core.internal.Bundles - 	Entry: D:\tools\sts-4.17.2.RELEASE\plugins\org.eclipse.m2e.maven.runtime_3.8.604.20221130-2149\jars\commons-cli-1.4.jar
2023-05-10 10:38:45,674 [Worker-4: Launching rate-review] INFO  o.eclipse.m2e.core.internal.Bundles - 	Entry: D:\tools\sts-4.17.2.RELEASE\plugins\org.eclipse.m2e.maven.runtime_3.8.604.20221130-2149\jars\commons-io-2.6.jar
2023-05-10 10:38:45,674 [Worker-4: Launching rate-review] INFO  o.eclipse.m2e.core.internal.Bundles - 	Entry: D:\tools\sts-4.17.2.RELEASE\plugins\org.eclipse.m2e.maven.runtime_3.8.604.20221130-2149\jars\commons-lang3-3.8.1.jar
2023-05-10 10:38:45,675 [Worker-4: Launching rate-review] INFO  o.eclipse.m2e.core.internal.Bundles - 	Entry: D:\tools\sts-4.17.2.RELEASE\plugins\org.eclipse.m2e.maven.runtime_3.8.604.20221130-2149\jars\guice-4.2.2-no_aop.jar
2023-05-10 10:38:45,675 [Worker-4: Launching rate-review] INFO  o.eclipse.m2e.core.internal.Bundles - 	Entry: D:\tools\sts-4.17.2.RELEASE\plugins\org.eclipse.m2e.maven.runtime_3.8.604.20221130-2149\jars\jansi-2.4.0.jar
2023-05-10 10:38:45,675 [Worker-4: Launching rate-review] INFO  o.eclipse.m2e.core.internal.Bundles - 	Entry: D:\tools\sts-4.17.2.RELEASE\plugins\org.eclipse.m2e.maven.runtime_3.8.604.20221130-2149\jars\maven-artifact-3.8.6.jar
2023-05-10 10:38:45,675 [Worker-4: Launching rate-review] INFO  o.eclipse.m2e.core.internal.Bundles - 	Entry: D:\tools\sts-4.17.2.RELEASE\plugins\org.eclipse.m2e.maven.runtime_3.8.604.20221130-2149\jars\maven-builder-support-3.8.6.jar
2023-05-10 10:38:45,675 [Worker-4: Launching rate-review] INFO  o.eclipse.m2e.core.internal.Bundles - 	Entry: D:\tools\sts-4.17.2.RELEASE\plugins\org.eclipse.m2e.maven.runtime_3.8.604.20221130-2149\jars\maven-compat-3.8.6.jar
2023-05-10 10:38:45,675 [Worker-4: Launching rate-review] INFO  o.eclipse.m2e.core.internal.Bundles - 	Entry: D:\tools\sts-4.17.2.RELEASE\plugins\org.eclipse.m2e.maven.runtime_3.8.604.20221130-2149\jars\maven-core-3.8.6.jar
2023-05-10 10:38:45,675 [Worker-4: Launching rate-review] INFO  o.eclipse.m2e.core.internal.Bundles - 	Entry: D:\tools\sts-4.17.2.RELEASE\plugins\org.eclipse.m2e.maven.runtime_3.8.604.20221130-2149\jars\maven-embedder-3.8.6.jar
2023-05-10 10:38:45,675 [Worker-4: Launching rate-review] INFO  o.eclipse.m2e.core.internal.Bundles - 	Entry: D:\tools\sts-4.17.2.RELEASE\plugins\org.eclipse.m2e.maven.runtime_3.8.604.20221130-2149\jars\maven-model-3.8.6.jar
2023-05-10 10:38:45,675 [Worker-4: Launching rate-review] INFO  o.eclipse.m2e.core.internal.Bundles - 	Entry: D:\tools\sts-4.17.2.RELEASE\plugins\org.eclipse.m2e.maven.runtime_3.8.604.20221130-2149\jars\maven-model-builder-3.8.6.jar
2023-05-10 10:38:45,675 [Worker-4: Launching rate-review] INFO  o.eclipse.m2e.core.internal.Bundles - 	Entry: D:\tools\sts-4.17.2.RELEASE\plugins\org.eclipse.m2e.maven.runtime_3.8.604.20221130-2149\jars\maven-plugin-api-3.8.6.jar
2023-05-10 10:38:45,675 [Worker-4: Launching rate-review] INFO  o.eclipse.m2e.core.internal.Bundles - 	Entry: D:\tools\sts-4.17.2.RELEASE\plugins\org.eclipse.m2e.maven.runtime_3.8.604.20221130-2149\jars\maven-repository-metadata-3.8.6.jar
2023-05-10 10:38:45,675 [Worker-4: Launching rate-review] INFO  o.eclipse.m2e.core.internal.Bundles - 	Entry: D:\tools\sts-4.17.2.RELEASE\plugins\org.eclipse.m2e.maven.runtime_3.8.604.20221130-2149\jars\maven-resolver-api-1.6.3.jar
2023-05-10 10:38:45,675 [Worker-4: Launching rate-review] INFO  o.eclipse.m2e.core.internal.Bundles - 	Entry: D:\tools\sts-4.17.2.RELEASE\plugins\org.eclipse.m2e.maven.runtime_3.8.604.20221130-2149\jars\maven-resolver-connector-basic-1.6.3.jar
2023-05-10 10:38:45,675 [Worker-4: Launching rate-review] INFO  o.eclipse.m2e.core.internal.Bundles - 	Entry: D:\tools\sts-4.17.2.RELEASE\plugins\org.eclipse.m2e.maven.runtime_3.8.604.20221130-2149\jars\maven-resolver-impl-1.6.3.jar
2023-05-10 10:38:45,675 [Worker-4: Launching rate-review] INFO  o.eclipse.m2e.core.internal.Bundles - 	Entry: D:\tools\sts-4.17.2.RELEASE\plugins\org.eclipse.m2e.maven.runtime_3.8.604.20221130-2149\jars\maven-resolver-provider-3.8.6.jar
2023-05-10 10:38:45,675 [Worker-4: Launching rate-review] INFO  o.eclipse.m2e.core.internal.Bundles - 	Entry: D:\tools\sts-4.17.2.RELEASE\plugins\org.eclipse.m2e.maven.runtime_3.8.604.20221130-2149\jars\maven-resolver-spi-1.6.3.jar
2023-05-10 10:38:45,675 [Worker-4: Launching rate-review] INFO  o.eclipse.m2e.core.internal.Bundles - 	Entry: D:\tools\sts-4.17.2.RELEASE\plugins\org.eclipse.m2e.maven.runtime_3.8.604.20221130-2149\jars\maven-resolver-transport-wagon-1.6.3.jar
2023-05-10 10:38:45,675 [Worker-4: Launching rate-review] INFO  o.eclipse.m2e.core.internal.Bundles - 	Entry: D:\tools\sts-4.17.2.RELEASE\plugins\org.eclipse.m2e.maven.runtime_3.8.604.20221130-2149\jars\maven-resolver-util-1.6.3.jar
2023-05-10 10:38:45,675 [Worker-4: Launching rate-review] INFO  o.eclipse.m2e.core.internal.Bundles - 	Entry: D:\tools\sts-4.17.2.RELEASE\plugins\org.eclipse.m2e.maven.runtime_3.8.604.20221130-2149\jars\maven-settings-3.8.6.jar
2023-05-10 10:38:45,675 [Worker-4: Launching rate-review] INFO  o.eclipse.m2e.core.internal.Bundles - 	Entry: D:\tools\sts-4.17.2.RELEASE\plugins\org.eclipse.m2e.maven.runtime_3.8.604.20221130-2149\jars\maven-settings-builder-3.8.6.jar
2023-05-10 10:38:45,675 [Worker-4: Launching rate-review] INFO  o.eclipse.m2e.core.internal.Bundles - 	Entry: D:\tools\sts-4.17.2.RELEASE\plugins\org.eclipse.m2e.maven.runtime_3.8.604.20221130-2149\jars\maven-shared-utils-3.3.4.jar
2023-05-10 10:38:45,675 [Worker-4: Launching rate-review] INFO  o.eclipse.m2e.core.internal.Bundles - 	Entry: D:\tools\sts-4.17.2.RELEASE\plugins\org.eclipse.m2e.maven.runtime_3.8.604.20221130-2149\jars\okhttp-3.14.1.jar
2023-05-10 10:38:45,675 [Worker-4: Launching rate-review] INFO  o.eclipse.m2e.core.internal.Bundles - 	Entry: D:\tools\sts-4.17.2.RELEASE\plugins\org.eclipse.m2e.maven.runtime_3.8.604.20221130-2149\jars\okio-1.17.3.jar
2023-05-10 10:38:45,675 [Worker-4: Launching rate-review] INFO  o.eclipse.m2e.core.internal.Bundles - 	Entry: D:\tools\sts-4.17.2.RELEASE\plugins\org.eclipse.m2e.maven.runtime_3.8.604.20221130-2149\jars\org.eclipse.sisu.inject-0.3.5.jar
2023-05-10 10:38:45,675 [Worker-4: Launching rate-review] INFO  o.eclipse.m2e.core.internal.Bundles - 	Entry: D:\tools\sts-4.17.2.RELEASE\plugins\org.eclipse.m2e.maven.runtime_3.8.604.20221130-2149\jars\org.eclipse.sisu.plexus-0.3.5.jar
2023-05-10 10:38:45,675 [Worker-4: Launching rate-review] INFO  o.eclipse.m2e.core.internal.Bundles - 	Entry: D:\tools\sts-4.17.2.RELEASE\plugins\org.eclipse.m2e.maven.runtime_3.8.604.20221130-2149\jars\plexus-build-api-0.0.7.jar
2023-05-10 10:38:45,675 [Worker-4: Launching rate-review] INFO  o.eclipse.m2e.core.internal.Bundles - 	Entry: D:\tools\sts-4.17.2.RELEASE\plugins\org.eclipse.m2e.maven.runtime_3.8.604.20221130-2149\jars\plexus-cipher-2.0.jar
2023-05-10 10:38:45,676 [Worker-4: Launching rate-review] INFO  o.eclipse.m2e.core.internal.Bundles - 	Entry: D:\tools\sts-4.17.2.RELEASE\plugins\org.eclipse.m2e.maven.runtime_3.8.604.20221130-2149\jars\plexus-classworlds-2.6.0.jar
2023-05-10 10:38:45,676 [Worker-4: Launching rate-review] INFO  o.eclipse.m2e.core.internal.Bundles - 	Entry: D:\tools\sts-4.17.2.RELEASE\plugins\org.eclipse.m2e.maven.runtime_3.8.604.20221130-2149\jars\plexus-component-annotations-2.1.0.jar
2023-05-10 10:38:45,676 [Worker-4: Launching rate-review] INFO  o.eclipse.m2e.core.internal.Bundles - 	Entry: D:\tools\sts-4.17.2.RELEASE\plugins\org.eclipse.m2e.maven.runtime_3.8.604.20221130-2149\jars\plexus-interpolation-1.26.jar
2023-05-10 10:38:45,676 [Worker-4: Launching rate-review] INFO  o.eclipse.m2e.core.internal.Bundles - 	Entry: D:\tools\sts-4.17.2.RELEASE\plugins\org.eclipse.m2e.maven.runtime_3.8.604.20221130-2149\jars\plexus-sec-dispatcher-2.0.jar
2023-05-10 10:38:45,676 [Worker-4: Launching rate-review] INFO  o.eclipse.m2e.core.internal.Bundles - 	Entry: D:\tools\sts-4.17.2.RELEASE\plugins\org.eclipse.m2e.maven.runtime_3.8.604.20221130-2149\jars\plexus-utils-3.3.1.jar
2023-05-10 10:38:45,676 [Worker-4: Launching rate-review] INFO  o.eclipse.m2e.core.internal.Bundles - 	Entry: D:\tools\sts-4.17.2.RELEASE\plugins\org.eclipse.m2e.maven.runtime_3.8.604.20221130-2149\jars\wagon-file-3.5.1.jar
2023-05-10 10:38:45,676 [Worker-4: Launching rate-review] INFO  o.eclipse.m2e.core.internal.Bundles - 	Entry: D:\tools\sts-4.17.2.RELEASE\plugins\org.eclipse.m2e.maven.runtime_3.8.604.20221130-2149\jars\wagon-provider-api-3.5.1.jar
2023-05-10 10:38:45,678 [Worker-4: Launching rate-review] INFO  o.eclipse.m2e.core.internal.Bundles - getClasspathEntries(Bundle=com.google.guava_30.1.0.v20221112-0806 [22])
2023-05-10 10:38:45,679 [Worker-4: Launching rate-review] INFO  o.eclipse.m2e.core.internal.Bundles - 	Entry: D:\tools\sts-4.17.2.RELEASE\plugins\com.google.guava_30.1.0.v20221112-0806.jar
2023-05-10 10:38:45,679 [Worker-4: Launching rate-review] INFO  o.eclipse.m2e.core.internal.Bundles - getClasspathEntries(Bundle=slf4j.api_1.7.36 [584])
2023-05-10 10:38:45,680 [Worker-4: Launching rate-review] INFO  o.eclipse.m2e.core.internal.Bundles - 	Entry: D:\tools\sts-4.17.2.RELEASE\plugins\slf4j.api_1.7.36.jar
2023-05-10 10:38:45,680 [Worker-4: Launching rate-review] INFO  o.eclipse.m2e.core.internal.Bundles - getClasspathEntries(Bundle=javax.inject_1.0.0.v20220405-0441 [49])
2023-05-10 10:38:45,681 [Worker-4: Launching rate-review] INFO  o.eclipse.m2e.core.internal.Bundles - 	Entry: D:\tools\sts-4.17.2.RELEASE\plugins\javax.inject_1.0.0.v20220405-0441.jar
2023-05-10 10:38:45,681 [Worker-4: Launching rate-review] INFO  o.eclipse.m2e.core.internal.Bundles - getClasspathEntries(Bundle=javax.annotation_1.3.5.v20221112-0806 [47])
2023-05-10 10:38:45,681 [Worker-4: Launching rate-review] INFO  o.eclipse.m2e.core.internal.Bundles - 	Entry: D:\tools\sts-4.17.2.RELEASE\plugins\javax.annotation_1.3.5.v20221112-0806.jar
2023-05-10 10:38:45,683 [Worker-4: Launching rate-review] INFO  o.e.m.i.launch.MavenLaunchDelegate - Run build in "D:\tools\wp\mcs\microsoft-BE\rate-review":
2023-05-10 10:38:45,687 [Worker-4: Launching rate-review] INFO  o.e.m.i.launch.MavenLaunchDelegate -  mvn  -B -Dstyle.color=always clean compile
2023-05-10 10:40:44,934 [main] INFO  o.e.m2e.actions.ExecutePomAction - Using existing launch configuration
2023-05-10 10:40:45,006 [Worker-11: Launching rate-review] INFO  o.e.m.i.launch.MavenLaunchDelegate - Run build in "D:\tools\wp\mcs\microsoft-BE\rate-review":
2023-05-10 10:40:45,006 [Worker-11: Launching rate-review] INFO  o.e.m.i.launch.MavenLaunchDelegate -  mvn  -B -Dstyle.color=always clean compile
2023-05-10 10:40:54,066 [main] INFO  o.e.m2e.actions.ExecutePomAction - Creating new launch configuration
2023-05-10 10:40:56,025 [Worker-6: Launching rate-review (1)] INFO  o.e.m.i.launch.MavenLaunchDelegate - Run build in "D:\tools\wp\mcs\microsoft-BE\rate-review":
2023-05-10 10:40:56,025 [Worker-6: Launching rate-review (1)] INFO  o.e.m.i.launch.MavenLaunchDelegate -  mvn  -B -Dstyle.color=always clean
2023-05-10 11:03:09,639 [Worker-8: Loading available Gradle versions] INFO  o.e.b.c.i.u.g.PublishedGradleVersions - Gradle version information cache is up-to-date. Trying to read.
2023-05-10 11:03:20,712 [Worker-8: Launching rate-review (1)] INFO  o.eclipse.m2e.core.internal.Bundles - getClasspathEntries(Bundle=org.eclipse.m2e.maven.runtime_3.8.604.20221130-2149 [345])
2023-05-10 11:03:20,718 [Worker-8: Launching rate-review (1)] INFO  o.eclipse.m2e.core.internal.Bundles - 	Entry: D:\tools\sts-4.17.2.RELEASE\plugins\org.eclipse.m2e.maven.runtime_3.8.604.20221130-2149
2023-05-10 11:03:20,718 [Worker-8: Launching rate-review (1)] INFO  o.eclipse.m2e.core.internal.Bundles - 	Entry: D:\tools\sts-4.17.2.RELEASE\plugins\org.eclipse.m2e.maven.runtime_3.8.604.20221130-2149\jars\aether-connector-okhttp-0.17.8.jar
2023-05-10 11:03:20,718 [Worker-8: Launching rate-review (1)] INFO  o.eclipse.m2e.core.internal.Bundles - 	Entry: D:\tools\sts-4.17.2.RELEASE\plugins\org.eclipse.m2e.maven.runtime_3.8.604.20221130-2149\jars\commons-cli-1.4.jar
2023-05-10 11:03:20,718 [Worker-8: Launching rate-review (1)] INFO  o.eclipse.m2e.core.internal.Bundles - 	Entry: D:\tools\sts-4.17.2.RELEASE\plugins\org.eclipse.m2e.maven.runtime_3.8.604.20221130-2149\jars\commons-io-2.6.jar
2023-05-10 11:03:20,718 [Worker-8: Launching rate-review (1)] INFO  o.eclipse.m2e.core.internal.Bundles - 	Entry: D:\tools\sts-4.17.2.RELEASE\plugins\org.eclipse.m2e.maven.runtime_3.8.604.20221130-2149\jars\commons-lang3-3.8.1.jar
2023-05-10 11:03:20,718 [Worker-8: Launching rate-review (1)] INFO  o.eclipse.m2e.core.internal.Bundles - 	Entry: D:\tools\sts-4.17.2.RELEASE\plugins\org.eclipse.m2e.maven.runtime_3.8.604.20221130-2149\jars\guice-4.2.2-no_aop.jar
2023-05-10 11:03:20,718 [Worker-8: Launching rate-review (1)] INFO  o.eclipse.m2e.core.internal.Bundles - 	Entry: D:\tools\sts-4.17.2.RELEASE\plugins\org.eclipse.m2e.maven.runtime_3.8.604.20221130-2149\jars\jansi-2.4.0.jar
2023-05-10 11:03:20,718 [Worker-8: Launching rate-review (1)] INFO  o.eclipse.m2e.core.internal.Bundles - 	Entry: D:\tools\sts-4.17.2.RELEASE\plugins\org.eclipse.m2e.maven.runtime_3.8.604.20221130-2149\jars\maven-artifact-3.8.6.jar
2023-05-10 11:03:20,718 [Worker-8: Launching rate-review (1)] INFO  o.eclipse.m2e.core.internal.Bundles - 	Entry: D:\tools\sts-4.17.2.RELEASE\plugins\org.eclipse.m2e.maven.runtime_3.8.604.20221130-2149\jars\maven-builder-support-3.8.6.jar
2023-05-10 11:03:20,718 [Worker-8: Launching rate-review (1)] INFO  o.eclipse.m2e.core.internal.Bundles - 	Entry: D:\tools\sts-4.17.2.RELEASE\plugins\org.eclipse.m2e.maven.runtime_3.8.604.20221130-2149\jars\maven-compat-3.8.6.jar
2023-05-10 11:03:20,718 [Worker-8: Launching rate-review (1)] INFO  o.eclipse.m2e.core.internal.Bundles - 	Entry: D:\tools\sts-4.17.2.RELEASE\plugins\org.eclipse.m2e.maven.runtime_3.8.604.20221130-2149\jars\maven-core-3.8.6.jar
2023-05-10 11:03:20,718 [Worker-8: Launching rate-review (1)] INFO  o.eclipse.m2e.core.internal.Bundles - 	Entry: D:\tools\sts-4.17.2.RELEASE\plugins\org.eclipse.m2e.maven.runtime_3.8.604.20221130-2149\jars\maven-embedder-3.8.6.jar
2023-05-10 11:03:20,718 [Worker-8: Launching rate-review (1)] INFO  o.eclipse.m2e.core.internal.Bundles - 	Entry: D:\tools\sts-4.17.2.RELEASE\plugins\org.eclipse.m2e.maven.runtime_3.8.604.20221130-2149\jars\maven-model-3.8.6.jar
2023-05-10 11:03:20,719 [Worker-8: Launching rate-review (1)] INFO  o.eclipse.m2e.core.internal.Bundles - 	Entry: D:\tools\sts-4.17.2.RELEASE\plugins\org.eclipse.m2e.maven.runtime_3.8.604.20221130-2149\jars\maven-model-builder-3.8.6.jar
2023-05-10 11:03:20,719 [Worker-8: Launching rate-review (1)] INFO  o.eclipse.m2e.core.internal.Bundles - 	Entry: D:\tools\sts-4.17.2.RELEASE\plugins\org.eclipse.m2e.maven.runtime_3.8.604.20221130-2149\jars\maven-plugin-api-3.8.6.jar
2023-05-10 11:03:20,719 [Worker-8: Launching rate-review (1)] INFO  o.eclipse.m2e.core.internal.Bundles - 	Entry: D:\tools\sts-4.17.2.RELEASE\plugins\org.eclipse.m2e.maven.runtime_3.8.604.20221130-2149\jars\maven-repository-metadata-3.8.6.jar
2023-05-10 11:03:20,719 [Worker-8: Launching rate-review (1)] INFO  o.eclipse.m2e.core.internal.Bundles - 	Entry: D:\tools\sts-4.17.2.RELEASE\plugins\org.eclipse.m2e.maven.runtime_3.8.604.20221130-2149\jars\maven-resolver-api-1.6.3.jar
2023-05-10 11:03:20,719 [Worker-8: Launching rate-review (1)] INFO  o.eclipse.m2e.core.internal.Bundles - 	Entry: D:\tools\sts-4.17.2.RELEASE\plugins\org.eclipse.m2e.maven.runtime_3.8.604.20221130-2149\jars\maven-resolver-connector-basic-1.6.3.jar
2023-05-10 11:03:20,719 [Worker-8: Launching rate-review (1)] INFO  o.eclipse.m2e.core.internal.Bundles - 	Entry: D:\tools\sts-4.17.2.RELEASE\plugins\org.eclipse.m2e.maven.runtime_3.8.604.20221130-2149\jars\maven-resolver-impl-1.6.3.jar
2023-05-10 11:03:20,719 [Worker-8: Launching rate-review (1)] INFO  o.eclipse.m2e.core.internal.Bundles - 	Entry: D:\tools\sts-4.17.2.RELEASE\plugins\org.eclipse.m2e.maven.runtime_3.8.604.20221130-2149\jars\maven-resolver-provider-3.8.6.jar
2023-05-10 11:03:20,719 [Worker-8: Launching rate-review (1)] INFO  o.eclipse.m2e.core.internal.Bundles - 	Entry: D:\tools\sts-4.17.2.RELEASE\plugins\org.eclipse.m2e.maven.runtime_3.8.604.20221130-2149\jars\maven-resolver-spi-1.6.3.jar
2023-05-10 11:03:20,719 [Worker-8: Launching rate-review (1)] INFO  o.eclipse.m2e.core.internal.Bundles - 	Entry: D:\tools\sts-4.17.2.RELEASE\plugins\org.eclipse.m2e.maven.runtime_3.8.604.20221130-2149\jars\maven-resolver-transport-wagon-1.6.3.jar
2023-05-10 11:03:20,719 [Worker-8: Launching rate-review (1)] INFO  o.eclipse.m2e.core.internal.Bundles - 	Entry: D:\tools\sts-4.17.2.RELEASE\plugins\org.eclipse.m2e.maven.runtime_3.8.604.20221130-2149\jars\maven-resolver-util-1.6.3.jar
2023-05-10 11:03:20,719 [Worker-8: Launching rate-review (1)] INFO  o.eclipse.m2e.core.internal.Bundles - 	Entry: D:\tools\sts-4.17.2.RELEASE\plugins\org.eclipse.m2e.maven.runtime_3.8.604.20221130-2149\jars\maven-settings-3.8.6.jar
2023-05-10 11:03:20,719 [Worker-8: Launching rate-review (1)] INFO  o.eclipse.m2e.core.internal.Bundles - 	Entry: D:\tools\sts-4.17.2.RELEASE\plugins\org.eclipse.m2e.maven.runtime_3.8.604.20221130-2149\jars\maven-settings-builder-3.8.6.jar
2023-05-10 11:03:20,719 [Worker-8: Launching rate-review (1)] INFO  o.eclipse.m2e.core.internal.Bundles - 	Entry: D:\tools\sts-4.17.2.RELEASE\plugins\org.eclipse.m2e.maven.runtime_3.8.604.20221130-2149\jars\maven-shared-utils-3.3.4.jar
2023-05-10 11:03:20,719 [Worker-8: Launching rate-review (1)] INFO  o.eclipse.m2e.core.internal.Bundles - 	Entry: D:\tools\sts-4.17.2.RELEASE\plugins\org.eclipse.m2e.maven.runtime_3.8.604.20221130-2149\jars\okhttp-3.14.1.jar
2023-05-10 11:03:20,719 [Worker-8: Launching rate-review (1)] INFO  o.eclipse.m2e.core.internal.Bundles - 	Entry: D:\tools\sts-4.17.2.RELEASE\plugins\org.eclipse.m2e.maven.runtime_3.8.604.20221130-2149\jars\okio-1.17.3.jar
2023-05-10 11:03:20,719 [Worker-8: Launching rate-review (1)] INFO  o.eclipse.m2e.core.internal.Bundles - 	Entry: D:\tools\sts-4.17.2.RELEASE\plugins\org.eclipse.m2e.maven.runtime_3.8.604.20221130-2149\jars\org.eclipse.sisu.inject-0.3.5.jar
2023-05-10 11:03:20,719 [Worker-8: Launching rate-review (1)] INFO  o.eclipse.m2e.core.internal.Bundles - 	Entry: D:\tools\sts-4.17.2.RELEASE\plugins\org.eclipse.m2e.maven.runtime_3.8.604.20221130-2149\jars\org.eclipse.sisu.plexus-0.3.5.jar
2023-05-10 11:03:20,719 [Worker-8: Launching rate-review (1)] INFO  o.eclipse.m2e.core.internal.Bundles - 	Entry: D:\tools\sts-4.17.2.RELEASE\plugins\org.eclipse.m2e.maven.runtime_3.8.604.20221130-2149\jars\plexus-build-api-0.0.7.jar
2023-05-10 11:03:20,719 [Worker-8: Launching rate-review (1)] INFO  o.eclipse.m2e.core.internal.Bundles - 	Entry: D:\tools\sts-4.17.2.RELEASE\plugins\org.eclipse.m2e.maven.runtime_3.8.604.20221130-2149\jars\plexus-cipher-2.0.jar
2023-05-10 11:03:20,719 [Worker-8: Launching rate-review (1)] INFO  o.eclipse.m2e.core.internal.Bundles - 	Entry: D:\tools\sts-4.17.2.RELEASE\plugins\org.eclipse.m2e.maven.runtime_3.8.604.20221130-2149\jars\plexus-classworlds-2.6.0.jar
2023-05-10 11:03:20,719 [Worker-8: Launching rate-review (1)] INFO  o.eclipse.m2e.core.internal.Bundles - 	Entry: D:\tools\sts-4.17.2.RELEASE\plugins\org.eclipse.m2e.maven.runtime_3.8.604.20221130-2149\jars\plexus-component-annotations-2.1.0.jar
2023-05-10 11:03:20,719 [Worker-8: Launching rate-review (1)] INFO  o.eclipse.m2e.core.internal.Bundles - 	Entry: D:\tools\sts-4.17.2.RELEASE\plugins\org.eclipse.m2e.maven.runtime_3.8.604.20221130-2149\jars\plexus-interpolation-1.26.jar
2023-05-10 11:03:20,720 [Worker-8: Launching rate-review (1)] INFO  o.eclipse.m2e.core.internal.Bundles - 	Entry: D:\tools\sts-4.17.2.RELEASE\plugins\org.eclipse.m2e.maven.runtime_3.8.604.20221130-2149\jars\plexus-sec-dispatcher-2.0.jar
2023-05-10 11:03:20,720 [Worker-8: Launching rate-review (1)] INFO  o.eclipse.m2e.core.internal.Bundles - 	Entry: D:\tools\sts-4.17.2.RELEASE\plugins\org.eclipse.m2e.maven.runtime_3.8.604.20221130-2149\jars\plexus-utils-3.3.1.jar
2023-05-10 11:03:20,720 [Worker-8: Launching rate-review (1)] INFO  o.eclipse.m2e.core.internal.Bundles - 	Entry: D:\tools\sts-4.17.2.RELEASE\plugins\org.eclipse.m2e.maven.runtime_3.8.604.20221130-2149\jars\wagon-file-3.5.1.jar
2023-05-10 11:03:20,720 [Worker-8: Launching rate-review (1)] INFO  o.eclipse.m2e.core.internal.Bundles - 	Entry: D:\tools\sts-4.17.2.RELEASE\plugins\org.eclipse.m2e.maven.runtime_3.8.604.20221130-2149\jars\wagon-provider-api-3.5.1.jar
2023-05-10 11:03:20,720 [Worker-8: Launching rate-review (1)] INFO  o.eclipse.m2e.core.internal.Bundles - getClasspathEntries(Bundle=com.google.guava_30.1.0.v20221112-0806 [22])
2023-05-10 11:03:20,722 [Worker-8: Launching rate-review (1)] INFO  o.eclipse.m2e.core.internal.Bundles - 	Entry: D:\tools\sts-4.17.2.RELEASE\plugins\com.google.guava_30.1.0.v20221112-0806.jar
2023-05-10 11:03:20,722 [Worker-8: Launching rate-review (1)] INFO  o.eclipse.m2e.core.internal.Bundles - getClasspathEntries(Bundle=slf4j.api_1.7.36 [584])
2023-05-10 11:03:20,722 [Worker-8: Launching rate-review (1)] INFO  o.eclipse.m2e.core.internal.Bundles - 	Entry: D:\tools\sts-4.17.2.RELEASE\plugins\slf4j.api_1.7.36.jar
2023-05-10 11:03:20,722 [Worker-8: Launching rate-review (1)] INFO  o.eclipse.m2e.core.internal.Bundles - getClasspathEntries(Bundle=javax.inject_1.0.0.v20220405-0441 [49])
2023-05-10 11:03:20,723 [Worker-8: Launching rate-review (1)] INFO  o.eclipse.m2e.core.internal.Bundles - 	Entry: D:\tools\sts-4.17.2.RELEASE\plugins\javax.inject_1.0.0.v20220405-0441.jar
2023-05-10 11:03:20,723 [Worker-8: Launching rate-review (1)] INFO  o.eclipse.m2e.core.internal.Bundles - getClasspathEntries(Bundle=javax.annotation_1.3.5.v20221112-0806 [47])
2023-05-10 11:03:20,724 [Worker-8: Launching rate-review (1)] INFO  o.eclipse.m2e.core.internal.Bundles - 	Entry: D:\tools\sts-4.17.2.RELEASE\plugins\javax.annotation_1.3.5.v20221112-0806.jar
2023-05-10 11:03:20,727 [Worker-8: Launching rate-review (1)] INFO  o.e.m.i.launch.MavenLaunchDelegate - Run build in "D:\tools\wp\mcs\microsoft-BE\rate-review":
2023-05-10 11:03:20,730 [Worker-8: Launching rate-review (1)] INFO  o.e.m.i.launch.MavenLaunchDelegate -  mvn  -B -Dstyle.color=always clean
2023-05-10 11:05:27,128 [Worker-4: Importing Maven projects] INFO  o.e.m.c.i.l.LifecycleMappingFactory - Using org.eclipse.m2e.jdt.JarLifecycleMapping lifecycle mapping for MavenProject: com.microservices:rate-review:0.0.1-SNAPSHOT @ D:\tools\wp\mcs\microsoft-BE\rate-review\pom.xml.
2023-05-10 11:05:28,106 [Worker-4: Importing Maven projects] INFO  o.e.m.j.i.AbstractJavaProjectConfigurator - Adding source folder /rate-review/src/main/java
2023-05-10 11:05:28,106 [Worker-4: Importing Maven projects] INFO  o.e.m.j.i.AbstractJavaProjectConfigurator - Adding resource folder /rate-review/src/main/resources
2023-05-10 11:05:28,106 [Worker-4: Importing Maven projects] INFO  o.e.m.j.i.AbstractJavaProjectConfigurator - Adding resource folder /rate-review/src/main/resources
2023-05-10 11:05:28,107 [Worker-4: Importing Maven projects] INFO  o.e.m.j.i.AbstractJavaProjectConfigurator - Adding source folder /rate-review/src/test/java
2023-05-10 11:05:28,426 [Worker-4: Importing Maven projects] INFO  o.e.m.c.i.p.ProjectConfigurationManager - Imported and configured 1 project(s) in 1 sec
2023-05-10 11:05:50,135 [main] INFO  o.e.m2e.actions.ExecutePomAction - Creating new launch configuration
2023-05-10 11:05:54,142 [Worker-9: Launching rate-review (2)] INFO  o.e.m.i.launch.MavenLaunchDelegate - Run build in "D:\tools\wp\mcs\microsoft-BE\rate-review":
2023-05-10 11:05:54,143 [Worker-9: Launching rate-review (2)] INFO  o.e.m.i.launch.MavenLaunchDelegate -  mvn  -B -Dstyle.color=always clean
2023-05-11 14:05:43,661 [Worker-2: Loading available Gradle versions] INFO  o.e.b.c.i.u.g.PublishedGradleVersions - Gradle version information cache is up-to-date. Trying to read.
2023-05-11 14:05:48,285 [Worker-0: Building] INFO  o.a.m.s.f.DefaultMavenResourcesFiltering - Copying 1 resource from src\main\resources to target\classes
2023-05-11 14:05:48,337 [Worker-0: Building] INFO  o.a.m.s.f.DefaultMavenResourcesFiltering - Copying 1 resource from src\main\resources to target\classes
2023-05-11 14:05:48,345 [Worker-0: Building] INFO  o.a.m.s.f.DefaultMavenResourcesFiltering - skip non existing resourceDirectory D:\tools\wp\mcs\microsoft-BE\rate-review\src\test\resources
2023-05-11 14:05:53,946 [Worker-2: Building] INFO  o.a.m.s.f.DefaultMavenResourcesFiltering - Copying 0 resource from src\main\resources to target\classes
2023-05-11 14:05:53,946 [Worker-2: Building] INFO  o.a.m.s.f.DefaultMavenResourcesFiltering - Copying 0 resource from src\main\resources to target\classes
2023-05-11 14:05:53,949 [Worker-2: Building] INFO  o.a.m.s.f.DefaultMavenResourcesFiltering - skip non existing resourceDirectory D:\tools\wp\mcs\microsoft-BE\rate-review\src\test\resources
2023-05-11 15:58:15,224 [Worker-2: Loading available Gradle versions] INFO  o.e.b.c.i.u.g.PublishedGradleVersions - Gradle version information cache is up-to-date. Trying to read.
2023-05-11 15:59:44,415 [Worker-4: Remove Repositories] WARN  org.eclipse.jgit.lib.Repository - close() called when useCnt is already zero for Repository[D:\tools\wp\mcs\.git]
